<?xml version="1.0" encoding="UTF-8"?>
<!-- Generated by org.testng.reporters.JUnitReportReporter -->
<testsuite hostname="Urmilak" failures="0" tests="1" name="practice.testng.SampleReportWithScreenshotTest" time="14.880" errors="0" timestamp="2025-01-16T15:48:04 IST" skipped="0">
  <testcase classname="practice.testng.SampleReportWithScreenshotTest" name="createContactTest" time="14.880"/>
  <system-out/>
</testsuite> <!-- practice.testng.SampleReportWithScreenshotTest -->
