<?xml version="1.0" encoding="UTF-8"?>
<!-- Generated by org.testng.reporters.JUnitReportReporter -->
<testsuite hostname="Urmilak" failures="0" tests="2" name="practice.homeTestAssert.homePageReporterlogTesst" time="0.035" errors="0" timestamp="2025-01-13T11:00:44 IST" skipped="0">
  <testcase classname="practice.homeTestAssert.homePageReporterlogTesst" name="homePageTest" time="0.028"/>
  <system-out>
    <![CDATA[homePageTestTest Start
step-1
step-2
step-3
step-4
homePageTestTest End]]>
  </system-out>
  <testcase classname="practice.homeTestAssert.homePageReporterlogTesst" name="verifyLogoHomePageTest" time="0.007"/>
  <system-out>
    <![CDATA[verifyLogoHomePageTestTest Start
step-1
step-2
step-3
step-4
verifyLogoHomePageTestTest End]]>
  </system-out>
</testsuite> <!-- practice.homeTestAssert.homePageReporterlogTesst -->
