<?xml version="1.0" encoding="UTF-8"?>
<!-- Generated by org.testng.reporters.JUnitReportReporter -->
<testsuite hostname="Urmilak" failures="0" tests="2" name="com.comcast.crm.createorgTest.CreateOrgTest" time="0.032" errors="0" timestamp="2025-01-10T10:19:30 IST" skipped="0">
  <testcase classname="com.comcast.crm.createorgTest.CreateOrgTest" name="createOrgWithIndustries" time="0.008"/>
  <system-out/>
  <testcase classname="com.comcast.crm.createorgTest.CreateOrgTest" name="createOrgTest" time="0.024"/>
  <system-out/>
</testsuite> <!-- com.comcast.crm.createorgTest.CreateOrgTest -->
