<?xml version="1.0" encoding="UTF-8"?>
<!-- Generated by org.testng.reporters.JUnitReportReporter -->
<testsuite hostname="Urmilak" failures="0" tests="2" name="practice.testng.OrderTest" time="0.037" errors="0" timestamp="2025-01-09T10:03:28 IST" skipped="0">
  <testcase classname="practice.testng.OrderTest" name="createOrderTest" time="0.033"/>
  <system-out/>
  <testcase classname="practice.testng.OrderTest" name="BillingOrderTest" time="0.004"/>
  <system-out/>
</testsuite> <!-- practice.testng.OrderTest -->
