<?xml version="1.0" encoding="UTF-8"?>
<!-- Generated by org.testng.reporters.JUnitReportReporter -->
<testsuite hostname="Urmilak" failures="0" tests="1" name="practice.testng.ContactTestwithDependency" time="0.026" errors="0" timestamp="2025-01-09T10:08:25 IST" skipped="0">
  <testcase classname="practice.testng.ContactTestwithDependency" name="createContactTest" time="0.026"/>
  <system-out/>
</testsuite> <!-- practice.testng.ContactTestwithDependency -->
