<?xml version="1.0" encoding="UTF-8"?>
<!-- Generated by org.testng.reporters.JUnitReportReporter -->
<testsuite hostname="Urmilak" failures="0" tests="3" name="practice.testng.ContactTest" time="0.045" errors="0" timestamp="2025-01-09T09:44:17 IST" skipped="0">
  <testcase classname="practice.testng.ContactTest" name="createContactTest" time="0.030"/>
  <system-out/>
  <testcase classname="practice.testng.ContactTest" name="modifyContactTest" time="0.008"/>
  <system-out/>
  <testcase classname="practice.testng.ContactTest" name="deleteContactTest" time="0.007"/>
  <system-out/>
</testsuite> <!-- practice.testng.ContactTest -->
