<?xml version="1.0" encoding="UTF-8"?>
<!-- Generated by org.testng.reporters.JUnitReportReporter -->
<testsuite hostname="Urmilak" failures="0" tests="1" name="practicedatadriventesting.ReadDataFromTestngXml" time="0.024" errors="0" timestamp="2025-01-03T15:46:14 IST" skipped="0">
  <testcase classname="practicedatadriventesting.ReadDataFromTestngXml" name="sampleTest" time="0.024"/>
  <system-out/>
</testsuite> <!-- practicedatadriventesting.ReadDataFromTestngXml -->
