<?xml version="1.0" encoding="UTF-8"?>
<!-- Generated by org.testng.reporters.JUnitReportReporter -->
<testsuite hostname="Urmilak" failures="0" tests="1" name="practice.testng.SampleTestForScreenshot" time="8.569" errors="0" timestamp="2025-01-13T14:54:44 IST" skipped="0">
  <testcase classname="practice.testng.SampleTestForScreenshot" name="amazonTest" time="8.569"/>
  <system-out/>
</testsuite> <!-- practice.testng.SampleTestForScreenshot -->
