<?xml version="1.0" encoding="UTF-8"?>
<!-- Generated by org.testng.reporters.JUnitReportReporter -->
<testsuite hostname="Urmilak" failures="0" tests="1" name="practice.testng.SampleTestForTestng" time="0.047" errors="0" timestamp="2025-01-08T15:13:04 IST" skipped="0">
  <testcase classname="practice.testng.SampleTestForTestng" name="test" time="0.047"/>
  <system-out/>
</testsuite> <!-- practice.testng.SampleTestForTestng -->
