<?xml version="1.0" encoding="UTF-8"?>
<!-- Generated by org.testng.reporters.JUnitReportReporter -->
<testsuite hostname="Urmilak" failures="0" tests="3" name="practice.testng.CreateContact_DP_Test" time="0.031" errors="0" timestamp="2025-01-09T12:34:58 IST" skipped="0">
  <testcase classname="practice.testng.CreateContact_DP_Test" name="createContactTest" time="0.024"/>
  <system-out/>
  <testcase classname="practice.testng.CreateContact_DP_Test" name="createContactTest" time="0.003"/>
  <system-out/>
  <testcase classname="practice.testng.CreateContact_DP_Test" name="createContactTest" time="0.004"/>
  <system-out/>
</testsuite> <!-- practice.testng.CreateContact_DP_Test -->
