<?xml version="1.0" encoding="UTF-8"?>
<!-- Generated by org.testng.reporters.JUnitReportReporter -->
<testsuite hostname="Urmilak" failures="0" tests="1" name="practice.pom.repository.SampleTestWithPom" time="17.530" errors="0" timestamp="2025-01-07T14:46:39 IST" skipped="0">
  <testcase classname="practice.pom.repository.SampleTestWithPom" name="sampleTest" time="17.530"/>
  <system-out/>
</testsuite> <!-- practice.pom.repository.SampleTestWithPom -->
