<?xml version="1.0" encoding="UTF-8"?>
<!-- Generated by org.testng.reporters.JUnitReportReporter -->
<testsuite hostname="Urmilak" failures="0" tests="3" name="practice.testng.SampleReportTest" time="0.054" errors="0" timestamp="2025-01-16T15:20:40 IST" skipped="0">
  <testcase classname="practice.testng.SampleReportTest" name="createContactTest" time="0.034"/>
  <system-out/>
  <testcase classname="practice.testng.SampleReportTest" name="createContactWithPhoneNumber" time="0.008"/>
  <system-out/>
  <testcase classname="practice.testng.SampleReportTest" name="createContactWithOrgTest" time="0.012"/>
  <system-out/>
</testsuite> <!-- practice.testng.SampleReportTest -->
